<?xml version="1.0" encoding="UTF-8"?>
<!-- Generated by org.testng.reporters.JUnitReportReporter -->
<testsuite skipped="0" hostname="SHRADDHA" name="com.cyber.success.maven.demo2Test" tests="1" failures="0" timestamp="2021-02-16T14:09:50 IST" time="25.121" errors="0">
  <testcase name="demo2" time="25.121" classname="com.cyber.success.maven.demo2Test"/>
  <system-out/>
</testsuite> <!-- com.cyber.success.maven.demo2Test -->
