<?xml version="1.0" encoding="UTF-8"?>
<!-- Generated by org.testng.reporters.JUnitReportReporter -->
<testsuite skipped="0" hostname="SHRADDHA" name="com.cyber.success.maven.demo1Test" tests="1" failures="0" timestamp="2021-02-16T14:09:50 IST" time="24.848" errors="0">
  <testcase name="demo1" time="24.848" classname="com.cyber.success.maven.demo1Test"/>
  <system-out/>
</testsuite> <!-- com.cyber.success.maven.demo1Test -->
